mode: set
task-manager/internal/server/auth.go:28.45,31.50 2 0
task-manager/internal/server/auth.go:31.50,34.3 2 0
task-manager/internal/server/auth.go:36.2,37.16 2 0
task-manager/internal/server/auth.go:37.16,40.3 2 0
task-manager/internal/server/auth.go:42.2,49.16 3 0
task-manager/internal/server/auth.go:49.16,50.46 1 0
task-manager/internal/server/auth.go:50.46,53.4 2 0
task-manager/internal/server/auth.go:54.3,55.9 2 0
task-manager/internal/server/auth.go:57.2,57.69 1 0
task-manager/internal/server/auth.go:71.42,74.58 2 0
task-manager/internal/server/auth.go:74.58,77.3 2 0
task-manager/internal/server/auth.go:79.2,81.16 2 0
task-manager/internal/server/auth.go:81.16,82.43 1 0
task-manager/internal/server/auth.go:82.43,85.4 2 0
task-manager/internal/server/auth.go:86.3,87.9 2 0
task-manager/internal/server/auth.go:90.2,91.16 2 0
task-manager/internal/server/auth.go:91.16,94.3 2 0
task-manager/internal/server/auth.go:96.2,97.16 2 0
task-manager/internal/server/auth.go:97.16,100.3 2 0
task-manager/internal/server/auth.go:101.2,105.16 2 0
task-manager/internal/server/auth.go:105.16,108.3 2 0
task-manager/internal/server/auth.go:110.2,119.16 2 0
task-manager/internal/server/auth.go:119.16,122.3 2 0
task-manager/internal/server/auth.go:124.2,133.30 2 0
task-manager/internal/server/auth.go:136.37,138.13 2 0
task-manager/internal/server/auth.go:138.13,142.3 3 0
task-manager/internal/server/auth.go:144.2,145.23 2 0
task-manager/internal/server/auth.go:145.23,149.3 3 0
task-manager/internal/server/auth.go:151.2,151.13 1 0
task-manager/internal/server/error.go:14.72,17.16 2 0
task-manager/internal/server/error.go:17.16,19.3 1 0
task-manager/internal/server/error.go:19.8,21.3 1 0
task-manager/internal/server/error.go:23.2,23.22 1 0
task-manager/internal/server/error.go:23.22,25.3 1 0
task-manager/internal/server/error.go:27.2,31.3 1 0
task-manager/internal/server/error.go:34.44,36.2 1 0
task-manager/internal/server/middleware.go:20.61,21.32 1 0
task-manager/internal/server/middleware.go:21.32,24.36 2 0
task-manager/internal/server/middleware.go:24.36,28.4 3 0
task-manager/internal/server/middleware.go:30.3,31.22 2 0
task-manager/internal/server/middleware.go:31.22,35.4 3 0
task-manager/internal/server/middleware.go:37.3,38.51 2 0
task-manager/internal/server/middleware.go:38.51,42.4 3 0
task-manager/internal/server/middleware.go:44.3,46.17 3 0
task-manager/internal/server/middleware.go:46.17,49.4 2 0
task-manager/internal/server/middleware.go:51.3,52.13 2 0
task-manager/internal/server/routes.go:15.35,17.2 2 0
task-manager/internal/server/routes.go:17.2,21.3 3 0
task-manager/internal/server/routes.go:24.50,26.2 2 0
task-manager/internal/server/routes.go:26.2,30.3 3 0
task-manager/internal/server/routes.go:33.50,35.2 2 0
task-manager/internal/server/routes.go:35.2,40.3 4 0
task-manager/internal/server/routes.go:43.50,45.2 2 0
task-manager/internal/server/routes.go:45.2,50.3 4 0
task-manager/internal/server/routes.go:53.55,55.2 1 0
task-manager/internal/server/routes.go:57.52,59.37 2 0
task-manager/internal/server/routes.go:59.37,61.3 1 0
task-manager/internal/server/routes.go:64.25,76.2 2 0
task-manager/internal/server/server.go:27.61,33.30 3 0
task-manager/internal/server/server.go:33.30,37.3 2 0
task-manager/internal/server/server.go:39.2,44.16 3 0
task-manager/internal/server/server.go:44.16,46.3 1 0
task-manager/internal/server/server.go:49.2,63.67 3 0
task-manager/internal/server/server.go:63.67,65.3 1 0
task-manager/internal/server/server.go:68.2,85.20 6 0
task-manager/internal/server/task.go:48.45,51.50 2 0
task-manager/internal/server/task.go:51.50,54.3 2 0
task-manager/internal/server/task.go:56.2,62.16 3 0
task-manager/internal/server/task.go:62.16,65.3 2 0
task-manager/internal/server/task.go:67.2,67.32 1 0
task-manager/internal/server/task.go:81.44,84.52 2 0
task-manager/internal/server/task.go:84.52,87.3 2 0
task-manager/internal/server/task.go:89.2,90.16 2 0
task-manager/internal/server/task.go:90.16,91.43 1 0
task-manager/internal/server/task.go:91.43,94.4 2 0
task-manager/internal/server/task.go:95.3,96.9 2 0
task-manager/internal/server/task.go:99.2,99.31 1 0
task-manager/internal/server/task.go:112.47,115.50 2 0
task-manager/internal/server/task.go:115.50,118.3 2 0
task-manager/internal/server/task.go:122.2,130.16 3 0
task-manager/internal/server/task.go:130.16,133.3 2 0
task-manager/internal/server/task.go:135.2,135.43 1 0
task-manager/internal/server/task.go:149.53,153.52 3 0
task-manager/internal/server/task.go:153.52,156.3 2 0
task-manager/internal/server/task.go:158.2,158.52 1 0
task-manager/internal/server/task.go:158.52,161.3 2 0
task-manager/internal/server/task.go:163.2,170.16 3 0
task-manager/internal/server/task.go:170.16,173.3 2 0
task-manager/internal/server/task.go:175.2,175.31 1 0
task-manager/internal/server/task.go:178.44,183.2 1 0
task-manager/internal/server/token.go:34.53,36.49 2 0
task-manager/internal/server/token.go:36.49,39.3 2 0
task-manager/internal/server/token.go:41.2,42.16 2 0
task-manager/internal/server/token.go:42.16,45.3 2 0
task-manager/internal/server/token.go:47.2,48.16 2 0
task-manager/internal/server/token.go:48.16,49.43 1 0
task-manager/internal/server/token.go:49.43,52.4 2 0
task-manager/internal/server/token.go:53.3,54.9 2 0
task-manager/internal/server/token.go:57.2,57.23 1 0
task-manager/internal/server/token.go:57.23,61.3 3 0
task-manager/internal/server/token.go:63.2,63.45 1 0
task-manager/internal/server/token.go:63.45,67.3 3 0
task-manager/internal/server/token.go:69.2,69.46 1 0
task-manager/internal/server/token.go:69.46,73.3 3 0
task-manager/internal/server/token.go:75.2,75.41 1 0
task-manager/internal/server/token.go:75.41,79.3 3 0
task-manager/internal/server/token.go:81.2,86.16 2 0
task-manager/internal/server/token.go:86.16,89.3 2 0
task-manager/internal/server/token.go:91.2,95.30 2 0
task-manager/internal/server/user.go:24.45,27.50 2 0
task-manager/internal/server/user.go:27.50,30.3 2 0
task-manager/internal/server/user.go:32.2,38.16 3 0
task-manager/internal/server/user.go:38.16,41.3 2 0
task-manager/internal/server/user.go:43.2,43.32 1 0
task-manager/internal/server/user.go:57.44,60.52 2 0
task-manager/internal/server/user.go:60.52,63.3 2 0
task-manager/internal/server/user.go:65.2,66.16 2 0
task-manager/internal/server/user.go:66.16,67.43 1 0
task-manager/internal/server/user.go:67.43,70.4 2 0
task-manager/internal/server/user.go:71.3,72.9 2 0
task-manager/internal/server/user.go:75.2,75.48 1 0
task-manager/internal/server/user.go:100.51,106.52 3 0
task-manager/internal/server/user.go:106.52,109.3 2 0
task-manager/internal/server/user.go:111.2,111.49 1 0
task-manager/internal/server/user.go:111.49,114.3 2 0
task-manager/internal/server/user.go:117.2,122.16 2 0
task-manager/internal/server/user.go:122.16,123.43 1 0
task-manager/internal/server/user.go:123.43,126.4 2 0
task-manager/internal/server/user.go:127.3,128.9 2 0
task-manager/internal/server/user.go:131.2,131.74 1 0
task-manager/internal/server/user.go:144.47,148.52 2 0
task-manager/internal/server/user.go:148.52,151.3 2 0
task-manager/internal/server/user.go:153.2,154.16 2 0
task-manager/internal/server/user.go:154.16,155.43 1 0
task-manager/internal/server/user.go:155.43,158.4 2 0
task-manager/internal/server/user.go:159.3,160.9 2 0
task-manager/internal/server/user.go:163.2,163.69 1 0
task-manager/internal/server/user.go:167.49,176.2 1 0
task-manager/internal/server/validator.go:10.80,21.31 3 0
task-manager/internal/server/validator.go:21.31,23.3 1 0
task-manager/internal/server/validator.go:24.2,24.105 1 0
task-manager/internal/server/validator.go:24.105,26.3 1 0
task-manager/internal/server/validator.go:27.2,27.13 1 0
